<?xml version="1.0" encoding="UTF-8"?>
<testng-results skipped="0" failed="0" ignored="0" total="2" passed="2">
  <reporter-output>
  </reporter-output>
  <suite name="Suite" duration-ms="22217" started-at="2024-12-10T17:02:24 IST" finished-at="2024-12-10T17:02:47 IST">
    <groups>
    </groups>
    <test name="On Chrome" duration-ms="16779" started-at="2024-12-10T17:02:24 IST" finished-at="2024-12-10T17:02:41 IST">
      <class name="scripts.Sgrid">
        <test-method status="PASS" signature="Grd(java.lang.String)[pri:0, instance:scripts.Sgrid@cb51256]" name="Grd" duration-ms="16695" started-at="2024-12-10T17:02:24 IST" finished-at="2024-12-10T17:02:41 IST">
          <params>
            <param index="0">
              <value>
                <![CDATA[chrome]]>
              </value>
            </param>
          </params>
          <reporter-output>
          </reporter-output>
        </test-method> <!-- Grd -->
      </class> <!-- scripts.Sgrid -->
    </test> <!-- On Chrome -->
    <test name="On Firefox" duration-ms="22217" started-at="2024-12-10T17:02:24 IST" finished-at="2024-12-10T17:02:47 IST">
      <class name="scripts.Sgrid">
        <test-method status="PASS" signature="Grd(java.lang.String)[pri:0, instance:scripts.Sgrid@1f57539]" name="Grd" duration-ms="22145" started-at="2024-12-10T17:02:24 IST" finished-at="2024-12-10T17:02:47 IST">
          <params>
            <param index="0">
              <value>
                <![CDATA[firefox]]>
              </value>
            </param>
          </params>
          <reporter-output>
          </reporter-output>
        </test-method> <!-- Grd -->
      </class> <!-- scripts.Sgrid -->
    </test> <!-- On Firefox -->
  </suite> <!-- Suite -->
</testng-results>
