<?xml version="1.0" encoding="UTF-8"?>
<!-- Generated by org.testng.reporters.JUnitXMLReporter -->
<testsuite hostname="DESKTOP-ADGCHK6" ignored="3" name="Test" tests="1" failures="0" timestamp="2024-11-29T09:48:39 IST" time="0.072" errors="0">
  <testcase name="abc" time="0.011" classname="scripts.TestNGClass"/>
  <testcase name="xyz" time="0.0" classname="scripts.TestNGClass">
    <ignored/>
  </testcase> <!-- xyz -->
  <testcase name="pqr" time="0.0" classname="scripts.TestNGClass">
    <ignored/>
  </testcase> <!-- pqr -->
  <testcase name="def" time="0.0" classname="scripts.TestNGClass">
    <ignored/>
  </testcase> <!-- def -->
</testsuite> <!-- Test -->
